<?xml version="1.0" encoding="UTF-8"?>
<testng-results total="3" passed="2" failed="1" skipped="0">
  <reporter-output>
  </reporter-output>
  <suite started-at="2023-05-23T15:45:54Z" name="Default suite" finished-at="2023-05-23T15:46:20Z" duration-ms="26392">
    <groups>
      <group name="cucumber">
        <method signature="AbstractTestNGCucumberTests.runScenario(io.cucumber.testng.PickleWrapper, io.cucumber.testng.FeatureWrapper)[pri:0, instance:runner.TestRunner@7ae0a9ec]" name="runScenario" class="io.cucumber.testng.AbstractTestNGCucumberTests"/>
      </group> <!-- cucumber -->
    </groups>
    <test started-at="2023-05-23T15:45:54Z" name="Default test" finished-at="2023-05-23T15:46:20Z" duration-ms="26392">
      <class name="runner.TestRunner">
        <test-method is-config="true" signature="setUpClass()[pri:0, instance:runner.TestRunner@7ae0a9ec]" started-at="2023-05-23T21:15:54Z" name="setUpClass" finished-at="2023-05-23T21:15:55Z" duration-ms="670" status="PASS">
          <reporter-output>
          </reporter-output>
        </test-method> <!-- setUpClass -->
        <test-method signature="runScenario(io.cucumber.testng.PickleWrapper, io.cucumber.testng.FeatureWrapper)[pri:0, instance:runner.TestRunner@7ae0a9ec]" started-at="2023-05-23T21:15:55Z" name="runScenario" description="Runs Cucumber Scenarios" data-provider="scenarios" finished-at="2023-05-23T21:16:02Z" duration-ms="7055" status="FAIL">
          <params>
            <param index="0">
              <value>
                <![CDATA["Search Selenium 3.0 in Google search page"]]>
              </value>
            </param>
            <param index="1">
              <value>
                <![CDATA["Optional[Perform Google Search based on requirement]"]]>
              </value>
            </param>
          </params>
          <exception class="java.lang.AssertionError">
            <message>
              <![CDATA[expected [Selenium 3.5 - Google Search] but found [Selenium 3.0 - Google Search]]]>
            </message>
            <full-stacktrace>
              <![CDATA[java.lang.AssertionError: expected [Selenium 3.5 - Google Search] but found [Selenium 3.0 - Google Search]
	at org.testng.Assert.fail(Assert.java:94)
	at org.testng.Assert.failNotEquals(Assert.java:496)
	at org.testng.Assert.assertEquals(Assert.java:125)
	at org.testng.Assert.assertEquals(Assert.java:178)
	at org.testng.Assert.assertEquals(Assert.java:188)
	at stepdefinitions.TestGoogleSearch_StepDef.user_reached_to_search_result_page_with_the_title(TestGoogleSearch_StepDef.java:35)
	at âœ½.user reached to search result page with the title Selenium 3.5 - Google Search(file:///F:/GitAutomation/MorningBatch1/GitBDDMavenJenkinPageObject/src/test/resources/features/GoogleSearch.feature:6)
]]>
            </full-stacktrace>
          </exception> <!-- java.lang.AssertionError -->
          <reporter-output>
          </reporter-output>
        </test-method> <!-- runScenario -->
        <test-method signature="runScenario(io.cucumber.testng.PickleWrapper, io.cucumber.testng.FeatureWrapper)[pri:0, instance:runner.TestRunner@7ae0a9ec]" started-at="2023-05-23T21:16:02Z" name="runScenario" description="Runs Cucumber Scenarios" data-provider="scenarios" finished-at="2023-05-23T21:16:11Z" duration-ms="9025" status="PASS">
          <params>
            <param index="0">
              <value>
                <![CDATA["Search Selenium 4.0 in Google search page"]]>
              </value>
            </param>
            <param index="1">
              <value>
                <![CDATA["Optional[Perform Google Search based on requirement]"]]>
              </value>
            </param>
          </params>
          <reporter-output>
          </reporter-output>
        </test-method> <!-- runScenario -->
        <test-method signature="runScenario(io.cucumber.testng.PickleWrapper, io.cucumber.testng.FeatureWrapper)[pri:0, instance:runner.TestRunner@7ae0a9ec]" started-at="2023-05-23T21:16:11Z" name="runScenario" description="Runs Cucumber Scenarios" data-provider="scenarios" finished-at="2023-05-23T21:16:18Z" duration-ms="7487" status="PASS">
          <params>
            <param index="0">
              <value>
                <![CDATA["Search selenium interview questions in Google search page"]]>
              </value>
            </param>
            <param index="1">
              <value>
                <![CDATA["Optional[Perform Google Search based on requirement]"]]>
              </value>
            </param>
          </params>
          <reporter-output>
          </reporter-output>
        </test-method> <!-- runScenario -->
        <test-method is-config="true" signature="tearDownClass()[pri:0, instance:runner.TestRunner@7ae0a9ec]" started-at="2023-05-23T21:16:18Z" name="tearDownClass" finished-at="2023-05-23T21:16:20Z" duration-ms="2132" status="PASS">
          <reporter-output>
          </reporter-output>
        </test-method> <!-- tearDownClass -->
      </class> <!-- runner.TestRunner -->
    </test> <!-- Default test -->
  </suite> <!-- Default suite -->
</testng-results>
