<?xml version="1.0" encoding="UTF-8"?>
<!-- Generated by org.testng.reporters.JUnitReportReporter -->
<testsuite hostname="DESKTOP-LLLGMOJ" failures="1" tests="3" name="runner.TestRunner" time="23.567" errors="0" timestamp="23 May 2023 15:46:20 GMT">
  <testcase classname="runner.TestRunner" name="runScenario" time="9.025"/>
  <testcase classname="runner.TestRunner" name="runScenario" time="7.055">
    <failure message="expected [Selenium 3.5 - Google Search] but found [Selenium 3.0 - Google Search]" type="java.lang.AssertionError">
      <![CDATA[java.lang.AssertionError: expected [Selenium 3.5 - Google Search] but found [Selenium 3.0 - Google Search]
	at org.testng.Assert.fail(Assert.java:94)
	at org.testng.Assert.failNotEquals(Assert.java:496)
	at org.testng.Assert.assertEquals(Assert.java:125)
	at org.testng.Assert.assertEquals(Assert.java:178)
	at org.testng.Assert.assertEquals(Assert.java:188)
	at stepdefinitions.TestGoogleSearch_StepDef.user_reached_to_search_result_page_with_the_title(TestGoogleSearch_StepDef.java:35)
	at âœ½.user reached to search result page with the title Selenium 3.5 - Google Search(file:///F:/GitAutomation/MorningBatch1/GitBDDMavenJenkinPageObject/src/test/resources/features/GoogleSearch.feature:6)
]]>
    </failure>
  </testcase> <!-- runScenario -->
  <testcase classname="runner.TestRunner" name="runScenario" time="7.487"/>
</testsuite> <!-- runner.TestRunner -->
